aaaaaaaaaaaaaa
aaaaaaaaaaaaaa
aaaaaaaaaaaaaa
aaaaaaaaaaaaaa
aaaaaaaaaaaaaa
aaaaaaaaaaaaaa
aaaaaaaaaaaaaa
aaaaaaaaaaaaaa
aaaaaaaaaaaaaa
aaaaaaaaaaaaaa
aaaaaaaaaaaaaa
aaaaaaaaaaaaaa
aaaaaaaaaaaaaa
aaaaaaaaaaaaaa
aaaaaaaaaaaaaa
aaaaaaaaaaaaaa
aaaaaaaaaaaaaa
aaaaaaaaaaaaaa
aaaaaaaaaaaaaa
aaaaaaaaaaaaaa
aaaaaaaaaaaaaa
aaaaaaaaaaaaaa
aaaaaaaaaaaaaa
aaaaaaaaaaaaaa
aaaaaaaaaaaaaa
aaaaaaaaaaaaaa
aaaaaaaaaaaaaa
aaaaaaaaaaaaaa
aaaaaaaaaaaaaa
aaaaaaaaaaaaaa
aaaaaaaaaaaaaa
aaaaaaaaaaaaaa
aaaaaaaaaaaaaa
aaaaaaaaaaaaaa
aaaaaaaaaaaaaa
aaaaaaaaaaaaaa
aaaaaaaaaaaaaa
aaaaaaaaaaaaaa
aaaaaaaaaaaaaa
bbbbbbbbbbbbbbbbbbb
bbbbbbbbbbbbbbbbbbb
bbbbbbbbbbbbbbbbbbb
bbbbbbbbbbbbbbbbbbb
bbbbbbbbbbbbbbbbbbb
bbbbbbbbbbbbbbbbbbb
bbbbbbbbbbbbbbbbbbb
bbbbbbbbbbbbbbbbbbb
bbbbbbbbbbbbbbbbbbb
bbbbbbbbbbbbbbbbbbb
bbbbbbbbbbbbbbbbbbb
bbbbbbbbbbbbbbbbbbb
bbbbbbbbbbbbbbbbbbb
bbbbbbbbbbbbbbbbbbb
bbbbbbbbbbbbbbbbbbb
bbbbbbbbbbbbbbbbbbb
bbbbbbbbbbbbbbbbbbb
bbbbbbbbbbbbbbbbbbb
bbbbbbbbbbbbbbbbbbb
cccccccccccccccccc
cccccccccccccccccc
cccccccccccccccccc
cccccccccccccccccc
cccccccccccccccccc
cccccccccccccccccc
cccccccccccccccccc
cccccccccccccccccc
cccccccccccccccccc
cccccccccccccccccc
cccccccccccccccccc
cccccccccccccccccc
cccccccccccccccccc
cccccccccccccccccc
cccccccccccccccccc
cccccccccccccccccc
cccccccccccccccccc
cccccccccccccccccc
dddddddddddddddddd
eeeeeeeeeeeeeeeeeeeeeeeeeeeeeeeeeeeeeeeeeeeeeeeeeeeeeeeeee  aaaaaaaa dddddddddddddddddddddddddddddd
ddddddddddddd  jgyun aaaaa
ddddddddddddd  jgyun aaaaa jgyun  jgyun
ddddddddddddd  jgyun aaaaa
test 
test jgyun
test jgyun
test 
error jgyun
error jgyun
error jgyun
error jgyun
error jgyun
error jgyun
error jgyun
error test
error test
